<?xml version="1.0" encoding="UTF-8"?>
<testng-results ignored="0" total="3" passed="3" failed="0" skipped="0">
  <reporter-output>
  </reporter-output>
  <suite started-at="2022-08-03T11:19:05 EDT" name="Default suite" finished-at="2022-08-03T11:19:29 EDT" duration-ms="23908">
    <groups>
    </groups>
    <test started-at="2022-08-03T11:19:05 EDT" name="Default test" finished-at="2022-08-03T11:19:29 EDT" duration-ms="23908">
      <class name="executeClass.ExecutePushNotification">
        <test-method is-config="true" signature="beforeMethod()[pri:0, instance:executeClass.ExecutePushNotification@4659191b]" started-at="2022-08-03T11:19:05 EDT" name="beforeMethod" finished-at="2022-08-03T11:19:11 EDT" duration-ms="6140" status="PASS">
          <reporter-output>
          </reporter-output>
        </test-method> <!-- beforeMethod -->
        <test-method signature="verifyThePushNotoficationPageIsDisplayedWhileClickingOnPushNotification()[pri:1, instance:executeClass.ExecutePushNotification@4659191b]" started-at="2022-08-03T11:19:11 EDT" name="verifyThePushNotoficationPageIsDisplayedWhileClickingOnPushNotification" finished-at="2022-08-03T11:19:14 EDT" duration-ms="3617" status="PASS">
          <reporter-output>
          </reporter-output>
        </test-method> <!-- verifyThePushNotoficationPageIsDisplayedWhileClickingOnPushNotification -->
        <test-method is-config="true" signature="afterMethod()[pri:0, instance:executeClass.ExecutePushNotification@4659191b]" started-at="2022-08-03T11:19:14 EDT" name="afterMethod" finished-at="2022-08-03T11:19:15 EDT" duration-ms="172" status="PASS">
          <reporter-output>
          </reporter-output>
        </test-method> <!-- afterMethod -->
        <test-method is-config="true" signature="beforeMethod()[pri:0, instance:executeClass.ExecutePushNotification@4659191b]" started-at="2022-08-03T11:19:15 EDT" name="beforeMethod" finished-at="2022-08-03T11:19:19 EDT" duration-ms="4512" status="PASS">
          <reporter-output>
          </reporter-output>
        </test-method> <!-- beforeMethod -->
        <test-method signature="verifyTheAdminCanSendANotificationSuccessfullyOrNot()[pri:2, instance:executeClass.ExecutePushNotification@4659191b]" started-at="2022-08-03T11:19:19 EDT" name="verifyTheAdminCanSendANotificationSuccessfullyOrNot" finished-at="2022-08-03T11:19:23 EDT" duration-ms="3430" status="PASS">
          <reporter-output>
          </reporter-output>
        </test-method> <!-- verifyTheAdminCanSendANotificationSuccessfullyOrNot -->
        <test-method is-config="true" signature="afterMethod()[pri:0, instance:executeClass.ExecutePushNotification@4659191b]" started-at="2022-08-03T11:19:23 EDT" name="afterMethod" finished-at="2022-08-03T11:19:23 EDT" duration-ms="150" status="PASS">
          <reporter-output>
          </reporter-output>
        </test-method> <!-- afterMethod -->
        <test-method is-config="true" signature="beforeMethod()[pri:0, instance:executeClass.ExecutePushNotification@4659191b]" started-at="2022-08-03T11:19:23 EDT" name="beforeMethod" finished-at="2022-08-03T11:19:26 EDT" duration-ms="3517" status="PASS">
          <reporter-output>
          </reporter-output>
        </test-method> <!-- beforeMethod -->
        <test-method signature="verifyTheResetButtonIsVisibleOrNot()[pri:3, instance:executeClass.ExecutePushNotification@4659191b]" started-at="2022-08-03T11:19:26 EDT" name="verifyTheResetButtonIsVisibleOrNot" finished-at="2022-08-03T11:19:28 EDT" duration-ms="2148" status="PASS">
          <reporter-output>
          </reporter-output>
        </test-method> <!-- verifyTheResetButtonIsVisibleOrNot -->
        <test-method is-config="true" signature="afterMethod()[pri:0, instance:executeClass.ExecutePushNotification@4659191b]" started-at="2022-08-03T11:19:28 EDT" name="afterMethod" finished-at="2022-08-03T11:19:29 EDT" duration-ms="153" status="PASS">
          <reporter-output>
          </reporter-output>
        </test-method> <!-- afterMethod -->
      </class> <!-- executeClass.ExecutePushNotification -->
    </test> <!-- Default test -->
  </suite> <!-- Default suite -->
</testng-results>
