<?xml version="1.0" encoding="UTF-8"?>
<!-- Generated by org.testng.reporters.JUnitXMLReporter -->
<testsuite ignored="0" hostname="LAPTOP-CGPPF5SB" failures="0" tests="3" name="Default test" time="23.908" errors="0" timestamp="2022-08-03T11:19:29 EDT">
  <testcase classname="executeClass.ExecutePushNotification" name="verifyThePushNotoficationPageIsDisplayedWhileClickingOnPushNotification" time="3.617"/>
  <testcase classname="executeClass.ExecutePushNotification" name="verifyTheAdminCanSendANotificationSuccessfullyOrNot" time="3.43"/>
  <testcase classname="executeClass.ExecutePushNotification" name="verifyTheResetButtonIsVisibleOrNot" time="2.148"/>
</testsuite> <!-- Default test -->
